producer_class	xtools.gsea.Gsea
producer_timestamp	1588096205796
param	zip_report	false
param	num	100
param	scoring_scheme	weighted
param	norm	meandiv
param	out	C:\Users\panxq\gsea_home\output\apr28
param	mode	Max_probe
param	include_only_symbols	true
param	set_max	500
param	gmx	C:\projects\BME1063_HW2\data\c2.symbols.gmt
param	plot_top_x	20
param	nperm	1000
param	order	descending
param	rpt_label	my_analysis
param	rnd_seed	timestamp
param	set_min	15
param	res	C:\projects\BME1063_HW2\FinalReport\result\data.gct
param	chip	C:\projects\BME1063_HW2\data\Human_AFFY_HuGene_2_0_st_v1_MSigDB.v7.1.chip
param	create_svgs	false
param	cls	C:\Users\panxq\gsea_home\output\apr29\Controal_vs_ClassB.cls#ClassB_versus_Controal
param	sort	real
param	create_gcts	false
param	help	false
param	save_rnd_lists	false
param	median	false
param	metric	Signal2Noise
param	make_sets	true
param	rnd_type	no_balance
param	gui	false
param	permute	phenotype
param	collapse	Collapse

file	C:\Users\panxq\gsea_home\output\apr28\my_analysis.Gsea.1588096205796\index.html
